<?xml version="1.0" encoding="UTF-8"?>
<!-- Generated by org.testng.reporters.JUnitReportReporter -->
<testsuite skipped="0" hostname="KELLGGNCPU0154" name="util.TestUtil" tests="1" failures="0" timestamp="24 May 2017 05:56:40 GMT" time="17.362" errors="0">
  <testcase name="testApp" time="17.362" classname="util.TestUtil"/>
</testsuite> <!-- util.TestUtil -->
