<?xml version="1.0" encoding="UTF-8"?>
<!-- Generated by org.testng.reporters.JUnitReportReporter -->
<testsuite hostname="KELLGGNCPU0154" name="testApps.DriverApp" tests="1" failures="0" timestamp="2 Jun 2017 10:38:49 GMT" time="5464.510" errors="0">
  <testcase name="testApp" time="5464.510" classname="testApps.DriverApp"/>
</testsuite> <!-- testApps.DriverApp -->
